{"total": {"lines":{"total":1313,"covered":1171,"skipped":0,"pct":89.18},"statements":{"total":1525,"covered":1319,"skipped":0,"pct":86.49},"functions":{"total":484,"covered":382,"skipped":0,"pct":78.92},"branches":{"total":1389,"covered":1051,"skipped":0,"pct":75.66},"branchesTrue":{"total":0,"covered":0,"skipped":0,"pct":100}}
,"/home/dev/oai/merchantops-agent/web/src/App.tsx": {"lines":{"total":51,"covered":47,"skipped":0,"pct":92.15},"functions":{"total":26,"covered":22,"skipped":0,"pct":84.61},"statements":{"total":66,"covered":57,"skipped":0,"pct":86.36},"branches":{"total":60,"covered":50,"skipped":0,"pct":83.33}}
,"/home/dev/oai/merchantops-agent/web/src/recent.ts": {"lines":{"total":20,"covered":15,"skipped":0,"pct":75},"functions":{"total":11,"covered":6,"skipped":0,"pct":54.54},"statements":{"total":25,"covered":17,"skipped":0,"pct":68},"branches":{"total":4,"covered":3,"skipped":0,"pct":75}}
,"/home/dev/oai/merchantops-agent/web/src/api/client.ts": {"lines":{"total":97,"covered":62,"skipped":0,"pct":63.91},"functions":{"total":39,"covered":18,"skipped":0,"pct":46.15},"statements":{"total":110,"covered":67,"skipped":0,"pct":60.9},"branches":{"total":68,"covered":39,"skipped":0,"pct":57.35}}
,"/home/dev/oai/merchantops-agent/web/src/components/AgentActivity.tsx": {"lines":{"total":6,"covered":6,"skipped":0,"pct":100},"functions":{"total":2,"covered":2,"skipped":0,"pct":100},"statements":{"total":6,"covered":6,"skipped":0,"pct":100},"branches":{"total":6,"covered":6,"skipped":0,"pct":100}}
,"/home/dev/oai/merchantops-agent/web/src/components/Bits.tsx": {"lines":{"total":30,"covered":28,"skipped":0,"pct":93.33},"functions":{"total":18,"covered":14,"skipped":0,"pct":77.77},"statements":{"total":35,"covered":31,"skipped":0,"pct":88.57},"branches":{"total":51,"covered":46,"skipped":0,"pct":90.19}}
,"/home/dev/oai/merchantops-agent/web/src/components/Charts.tsx": {"lines":{"total":38,"covered":34,"skipped":0,"pct":89.47},"functions":{"total":12,"covered":8,"skipped":0,"pct":66.66},"statements":{"total":43,"covered":37,"skipped":0,"pct":86.04},"branches":{"total":36,"covered":21,"skipped":0,"pct":58.33}}
,"/home/dev/oai/merchantops-agent/web/src/components/Chrome.tsx": {"lines":{"total":24,"covered":23,"skipped":0,"pct":95.83},"functions":{"total":8,"covered":8,"skipped":0,"pct":100},"statements":{"total":29,"covered":28,"skipped":0,"pct":96.55},"branches":{"total":18,"covered":16,"skipped":0,"pct":88.88}}
,"/home/dev/oai/merchantops-agent/web/src/components/CommandPalette.tsx": {"lines":{"total":66,"covered":44,"skipped":0,"pct":66.66},"functions":{"total":36,"covered":18,"skipped":0,"pct":50},"statements":{"total":95,"covered":62,"skipped":0,"pct":65.26},"branches":{"total":56,"covered":33,"skipped":0,"pct":58.92}}
,"/home/dev/oai/merchantops-agent/web/src/components/ErrorBoundary.tsx": {"lines":{"total":4,"covered":3,"skipped":0,"pct":75},"functions":{"total":2,"covered":1,"skipped":0,"pct":50},"statements":{"total":4,"covered":3,"skipped":0,"pct":75},"branches":{"total":8,"covered":5,"skipped":0,"pct":62.5}}
,"/home/dev/oai/merchantops-agent/web/src/components/Evidence.tsx": {"lines":{"total":9,"covered":9,"skipped":0,"pct":100},"functions":{"total":5,"covered":5,"skipped":0,"pct":100},"statements":{"total":11,"covered":10,"skipped":0,"pct":90.9},"branches":{"total":12,"covered":7,"skipped":0,"pct":58.33}}
,"/home/dev/oai/merchantops-agent/web/src/components/LiveBar.tsx": {"lines":{"total":3,"covered":2,"skipped":0,"pct":66.66},"functions":{"total":2,"covered":1,"skipped":0,"pct":50},"statements":{"total":3,"covered":2,"skipped":0,"pct":66.66},"branches":{"total":25,"covered":15,"skipped":0,"pct":60}}
,"/home/dev/oai/merchantops-agent/web/src/components/PolicyOutcome.tsx": {"lines":{"total":7,"covered":7,"skipped":0,"pct":100},"functions":{"total":6,"covered":6,"skipped":0,"pct":100},"statements":{"total":8,"covered":8,"skipped":0,"pct":100},"branches":{"total":13,"covered":12,"skipped":0,"pct":92.3}}
,"/home/dev/oai/merchantops-agent/web/src/components/Status.tsx": {"lines":{"total":10,"covered":10,"skipped":0,"pct":100},"functions":{"total":4,"covered":4,"skipped":0,"pct":100},"statements":{"total":11,"covered":11,"skipped":0,"pct":100},"branches":{"total":11,"covered":11,"skipped":0,"pct":100}}
,"/home/dev/oai/merchantops-agent/web/src/components/Stepper.tsx": {"lines":{"total":8,"covered":8,"skipped":0,"pct":100},"functions":{"total":3,"covered":3,"skipped":0,"pct":100},"statements":{"total":9,"covered":9,"skipped":0,"pct":100},"branches":{"total":20,"covered":19,"skipped":0,"pct":95}}
,"/home/dev/oai/merchantops-agent/web/src/components/Theme.tsx": {"lines":{"total":18,"covered":17,"skipped":0,"pct":94.44},"functions":{"total":4,"covered":4,"skipped":0,"pct":100},"statements":{"total":20,"covered":19,"skipped":0,"pct":95},"branches":{"total":8,"covered":7,"skipped":0,"pct":87.5}}
,"/home/dev/oai/merchantops-agent/web/src/components/Toast.tsx": {"lines":{"total":12,"covered":12,"skipped":0,"pct":100},"functions":{"total":13,"covered":13,"skipped":0,"pct":100},"statements":{"total":19,"covered":19,"skipped":0,"pct":100},"branches":{"total":4,"covered":3,"skipped":0,"pct":75}}
,"/home/dev/oai/merchantops-agent/web/src/hooks/useLiveRefresh.ts": {"lines":{"total":63,"covered":63,"skipped":0,"pct":100},"functions":{"total":14,"covered":14,"skipped":0,"pct":100},"statements":{"total":77,"covered":76,"skipped":0,"pct":98.7},"branches":{"total":33,"covered":29,"skipped":0,"pct":87.87}}
,"/home/dev/oai/merchantops-agent/web/src/hooks/useModalFocus.ts": {"lines":{"total":26,"covered":26,"skipped":0,"pct":100},"functions":{"total":4,"covered":4,"skipped":0,"pct":100},"statements":{"total":29,"covered":29,"skipped":0,"pct":100},"branches":{"total":23,"covered":23,"skipped":0,"pct":100}}
,"/home/dev/oai/merchantops-agent/web/src/routes/Actions.tsx": {"lines":{"total":63,"covered":56,"skipped":0,"pct":88.88},"functions":{"total":28,"covered":22,"skipped":0,"pct":78.57},"statements":{"total":68,"covered":58,"skipped":0,"pct":85.29},"branches":{"total":107,"covered":68,"skipped":0,"pct":63.55}}
,"/home/dev/oai/merchantops-agent/web/src/routes/CommandCenter.tsx": {"lines":{"total":19,"covered":19,"skipped":0,"pct":100},"functions":{"total":10,"covered":10,"skipped":0,"pct":100},"statements":{"total":19,"covered":19,"skipped":0,"pct":100},"branches":{"total":30,"covered":21,"skipped":0,"pct":70}}
,"/home/dev/oai/merchantops-agent/web/src/routes/Dashboard.tsx": {"lines":{"total":22,"covered":21,"skipped":0,"pct":95.45},"functions":{"total":9,"covered":9,"skipped":0,"pct":100},"statements":{"total":26,"covered":24,"skipped":0,"pct":92.3},"branches":{"total":14,"covered":10,"skipped":0,"pct":71.42}}
,"/home/dev/oai/merchantops-agent/web/src/routes/IncidentDetail.tsx": {"lines":{"total":31,"covered":31,"skipped":0,"pct":100},"functions":{"total":15,"covered":15,"skipped":0,"pct":100},"statements":{"total":35,"covered":33,"skipped":0,"pct":94.28},"branches":{"total":73,"covered":52,"skipped":0,"pct":71.23}}
,"/home/dev/oai/merchantops-agent/web/src/routes/Incidents.tsx": {"lines":{"total":61,"covered":59,"skipped":0,"pct":96.72},"functions":{"total":21,"covered":20,"skipped":0,"pct":95.23},"statements":{"total":73,"covered":68,"skipped":0,"pct":93.15},"branches":{"total":50,"covered":42,"skipped":0,"pct":84}}
,"/home/dev/oai/merchantops-agent/web/src/routes/Investigate.tsx": {"lines":{"total":79,"covered":73,"skipped":0,"pct":92.4},"functions":{"total":31,"covered":27,"skipped":0,"pct":87.09},"statements":{"total":97,"covered":85,"skipped":0,"pct":87.62},"branches":{"total":84,"covered":57,"skipped":0,"pct":67.85}}
,"/home/dev/oai/merchantops-agent/web/src/routes/Operations.tsx": {"lines":{"total":33,"covered":28,"skipped":0,"pct":84.84},"functions":{"total":10,"covered":9,"skipped":0,"pct":90},"statements":{"total":35,"covered":30,"skipped":0,"pct":85.71},"branches":{"total":58,"covered":48,"skipped":0,"pct":82.75}}
,"/home/dev/oai/merchantops-agent/web/src/routes/PaymentLifecycle.tsx": {"lines":{"total":14,"covered":14,"skipped":0,"pct":100},"functions":{"total":6,"covered":6,"skipped":0,"pct":100},"statements":{"total":16,"covered":15,"skipped":0,"pct":93.75},"branches":{"total":39,"covered":25,"skipped":0,"pct":64.1}}
,"/home/dev/oai/merchantops-agent/web/src/routes/Scenarios.tsx": {"lines":{"total":73,"covered":57,"skipped":0,"pct":78.08},"functions":{"total":29,"covered":24,"skipped":0,"pct":82.75},"statements":{"total":82,"covered":64,"skipped":0,"pct":78.04},"branches":{"total":98,"covered":83,"skipped":0,"pct":84.69}}
,"/home/dev/oai/merchantops-agent/web/src/routes/Settings.tsx": {"lines":{"total":24,"covered":22,"skipped":0,"pct":91.66},"functions":{"total":5,"covered":5,"skipped":0,"pct":100},"statements":{"total":24,"covered":22,"skipped":0,"pct":91.66},"branches":{"total":28,"covered":24,"skipped":0,"pct":85.71}}
,"/home/dev/oai/merchantops-agent/web/src/routes/TaskDetail.tsx": {"lines":{"total":154,"covered":143,"skipped":0,"pct":92.85},"functions":{"total":72,"covered":60,"skipped":0,"pct":83.33},"statements":{"total":199,"covered":175,"skipped":0,"pct":87.93},"branches":{"total":303,"covered":241,"skipped":0,"pct":79.53}}
,"/home/dev/oai/merchantops-agent/web/src/routes/scenario-language.ts": {"lines":{"total":38,"covered":23,"skipped":0,"pct":60.52},"functions":{"total":35,"covered":20,"skipped":0,"pct":57.14},"statements":{"total":41,"covered":26,"skipped":0,"pct":63.41},"branches":{"total":17,"covered":11,"skipped":0,"pct":64.7}}
,"/home/dev/oai/merchantops-agent/web/src/routes/trace-summary.ts": {"lines":{"total":21,"covered":20,"skipped":0,"pct":95.23},"functions":{"total":4,"covered":4,"skipped":0,"pct":100},"statements":{"total":21,"covered":20,"skipped":0,"pct":95.23},"branches":{"total":32,"covered":24,"skipped":0,"pct":75}}
,"/home/dev/oai/merchantops-agent/web/src/test-fixtures/action-center-awaiting.json": {"lines":{"total":12,"covered":12,"skipped":0,"pct":100},"functions":{"total":0,"covered":0,"skipped":0,"pct":100},"statements":{"total":12,"covered":12,"skipped":0,"pct":100},"branches":{"total":0,"covered":0,"skipped":0,"pct":100}}
,"/home/dev/oai/merchantops-agent/web/src/test-fixtures/action-center-escalated.json": {"lines":{"total":12,"covered":12,"skipped":0,"pct":100},"functions":{"total":0,"covered":0,"skipped":0,"pct":100},"statements":{"total":12,"covered":12,"skipped":0,"pct":100},"branches":{"total":0,"covered":0,"skipped":0,"pct":100}}
,"/home/dev/oai/merchantops-agent/web/src/test-fixtures/action-center.json": {"lines":{"total":12,"covered":12,"skipped":0,"pct":100},"functions":{"total":0,"covered":0,"skipped":0,"pct":100},"statements":{"total":12,"covered":12,"skipped":0,"pct":100},"branches":{"total":0,"covered":0,"skipped":0,"pct":100}}
,"/home/dev/oai/merchantops-agent/web/src/test-fixtures/command-center.json": {"lines":{"total":8,"covered":8,"skipped":0,"pct":100},"functions":{"total":0,"covered":0,"skipped":0,"pct":100},"statements":{"total":8,"covered":8,"skipped":0,"pct":100},"branches":{"total":0,"covered":0,"skipped":0,"pct":100}}
,"/home/dev/oai/merchantops-agent/web/src/test-fixtures/dashboard.json": {"lines":{"total":3,"covered":3,"skipped":0,"pct":100},"functions":{"total":0,"covered":0,"skipped":0,"pct":100},"statements":{"total":3,"covered":3,"skipped":0,"pct":100},"branches":{"total":0,"covered":0,"skipped":0,"pct":100}}
,"/home/dev/oai/merchantops-agent/web/src/test-fixtures/escalated.json": {"lines":{"total":0,"covered":0,"skipped":0,"pct":100},"functions":{"total":0,"covered":0,"skipped":0,"pct":100},"statements":{"total":0,"covered":0,"skipped":0,"pct":100},"branches":{"total":0,"covered":0,"skipped":0,"pct":100}}
,"/home/dev/oai/merchantops-agent/web/src/test-fixtures/evidence.json": {"lines":{"total":2,"covered":2,"skipped":0,"pct":100},"functions":{"total":0,"covered":0,"skipped":0,"pct":100},"statements":{"total":2,"covered":2,"skipped":0,"pct":100},"branches":{"total":0,"covered":0,"skipped":0,"pct":100}}
,"/home/dev/oai/merchantops-agent/web/src/test-fixtures/halted.json": {"lines":{"total":18,"covered":18,"skipped":0,"pct":100},"functions":{"total":0,"covered":0,"skipped":0,"pct":100},"statements":{"total":18,"covered":18,"skipped":0,"pct":100},"branches":{"total":0,"covered":0,"skipped":0,"pct":100}}
,"/home/dev/oai/merchantops-agent/web/src/test-fixtures/incident.json": {"lines":{"total":20,"covered":20,"skipped":0,"pct":100},"functions":{"total":0,"covered":0,"skipped":0,"pct":100},"statements":{"total":20,"covered":20,"skipped":0,"pct":100},"branches":{"total":0,"covered":0,"skipped":0,"pct":100}}
,"/home/dev/oai/merchantops-agent/web/src/test-fixtures/incidents.json": {"lines":{"total":6,"covered":6,"skipped":0,"pct":100},"functions":{"total":0,"covered":0,"skipped":0,"pct":100},"statements":{"total":6,"covered":6,"skipped":0,"pct":100},"branches":{"total":0,"covered":0,"skipped":0,"pct":100}}
,"/home/dev/oai/merchantops-agent/web/src/test-fixtures/investigate.json": {"lines":{"total":18,"covered":18,"skipped":0,"pct":100},"functions":{"total":0,"covered":0,"skipped":0,"pct":100},"statements":{"total":18,"covered":18,"skipped":0,"pct":100},"branches":{"total":0,"covered":0,"skipped":0,"pct":100}}
,"/home/dev/oai/merchantops-agent/web/src/test-fixtures/messages.json": {"lines":{"total":3,"covered":3,"skipped":0,"pct":100},"functions":{"total":0,"covered":0,"skipped":0,"pct":100},"statements":{"total":3,"covered":3,"skipped":0,"pct":100},"branches":{"total":0,"covered":0,"skipped":0,"pct":100}}
,"/home/dev/oai/merchantops-agent/web/src/test-fixtures/payment-lifecycle.json": {"lines":{"total":11,"covered":11,"skipped":0,"pct":100},"functions":{"total":0,"covered":0,"skipped":0,"pct":100},"statements":{"total":11,"covered":11,"skipped":0,"pct":100},"branches":{"total":0,"covered":0,"skipped":0,"pct":100}}
,"/home/dev/oai/merchantops-agent/web/src/test-fixtures/playback.json": {"lines":{"total":9,"covered":9,"skipped":0,"pct":100},"functions":{"total":0,"covered":0,"skipped":0,"pct":100},"statements":{"total":9,"covered":9,"skipped":0,"pct":100},"branches":{"total":0,"covered":0,"skipped":0,"pct":100}}
,"/home/dev/oai/merchantops-agent/web/src/test-fixtures/reconcile.json": {"lines":{"total":6,"covered":6,"skipped":0,"pct":100},"functions":{"total":0,"covered":0,"skipped":0,"pct":100},"statements":{"total":6,"covered":6,"skipped":0,"pct":100},"branches":{"total":0,"covered":0,"skipped":0,"pct":100}}
,"/home/dev/oai/merchantops-agent/web/src/test-fixtures/rereason.json": {"lines":{"total":14,"covered":14,"skipped":0,"pct":100},"functions":{"total":0,"covered":0,"skipped":0,"pct":100},"statements":{"total":14,"covered":14,"skipped":0,"pct":100},"branches":{"total":0,"covered":0,"skipped":0,"pct":100}}
,"/home/dev/oai/merchantops-agent/web/src/test-fixtures/scenario-run.json": {"lines":{"total":7,"covered":7,"skipped":0,"pct":100},"functions":{"total":0,"covered":0,"skipped":0,"pct":100},"statements":{"total":7,"covered":7,"skipped":0,"pct":100},"branches":{"total":0,"covered":0,"skipped":0,"pct":100}}
,"/home/dev/oai/merchantops-agent/web/src/test-fixtures/scenarios-full.json": {"lines":{"total":0,"covered":0,"skipped":0,"pct":100},"functions":{"total":0,"covered":0,"skipped":0,"pct":100},"statements":{"total":0,"covered":0,"skipped":0,"pct":100},"branches":{"total":0,"covered":0,"skipped":0,"pct":100}}
,"/home/dev/oai/merchantops-agent/web/src/test-fixtures/task.json": {"lines":{"total":26,"covered":26,"skipped":0,"pct":100},"functions":{"total":0,"covered":0,"skipped":0,"pct":100},"statements":{"total":26,"covered":26,"skipped":0,"pct":100},"branches":{"total":0,"covered":0,"skipped":0,"pct":100}}
,"/home/dev/oai/merchantops-agent/web/src/test-fixtures/trace.json": {"lines":{"total":2,"covered":2,"skipped":0,"pct":100},"functions":{"total":0,"covered":0,"skipped":0,"pct":100},"statements":{"total":2,"covered":2,"skipped":0,"pct":100},"branches":{"total":0,"covered":0,"skipped":0,"pct":100}}
}
